<?xml version="1.0" encoding="UTF-8"?>
<!-- Generated by org.testng.reporters.JUnitReportReporter -->
<testsuite hostname="HP-PC" failures="0" tests="2" name="qaclick.SeleniumTest" time="0.001" errors="0" timestamp="2020-05-05T13:35:07 IST" skipped="0">
  <testcase classname="qaclick.SeleniumTest" name="browser" time="0.000"/>
  <system-out/>
  <testcase classname="qaclick.SeleniumTest" name="elwementui" time="0.001"/>
  <system-out/>
</testsuite> <!-- qaclick.SeleniumTest -->
