<?xml version="1.0" encoding="UTF-8"?>
<!-- Generated by org.testng.reporters.JUnitReportReporter -->
<testsuite hostname="HP-PC" failures="0" tests="2" name="qaclick.ApiTest" time="0.000" errors="0" timestamp="2020-05-05T13:34:45 IST" skipped="0">
  <testcase classname="qaclick.ApiTest" name="addtwitter" time="0.000"/>
  <system-out/>
  <testcase classname="qaclick.ApiTest" name="deletetwitter" time="0.000"/>
  <system-out/>
</testsuite> <!-- qaclick.ApiTest -->
