<?xml version="1.0" encoding="UTF-8"?>
<!-- Generated by org.testng.reporters.JUnitReportReporter -->
<testsuite hostname="HP-PC" failures="0" tests="2" name="qaclick.MobileTest" time="0.006" errors="0" timestamp="2020-05-05T13:35:07 IST" skipped="0">
  <testcase classname="qaclick.MobileTest" name="naative" time="0.000"/>
  <system-out/>
  <testcase classname="qaclick.MobileTest" name="ios" time="0.006"/>
  <system-out/>
</testsuite> <!-- qaclick.MobileTest -->
